# JRE version: Java(TM) SE Runtime Environment 18.9 (11.0.13+10) (build 11.0.13+10-LTS-370)
# Java VM: Java HotSpot(TM) 64-Bit Server VM 18.9 (11.0.13+10-LTS-370, mixed mode, tiered, compressed oops, g1 gc, windows-amd64)
Heap:
 garbage-first heap   total 327680K, used 142068K [0x0000000703000000, 0x0000000800000000)
  region size 1024K, 50 young (51200K), 12 survivors (12288K)
 Metaspace       used 82039K, capacity 84300K, committed 84480K, reserved 1122304K
  class space    used 10046K, capacity 10925K, committed 11008K, reserved 1048576K
GC Heap History (10 events):
Event: 313.758 GC heap before
{Heap before GC invocations=11 (full 0):
 garbage-first heap   total 312320K, used 204214K [0x0000000703000000, 0x0000000800000000)
  region size 1024K, 183 young (187392K), 18 survivors (18432K)
 Metaspace       used 80003K, capacity 82197K, committed 82304K, reserved 1120256K
  class space    used 9974K, capacity 10845K, committed 10880K, reserved 1048576K
}
Event: 313.770 GC heap after
{Heap after GC invocations=12 (full 0):
 garbage-first heap   total 312320K, used 35731K [0x0000000703000000, 0x0000000800000000)
  region size 1024K, 13 young (13312K), 13 survivors (13312K)
 Metaspace       used 80003K, capacity 82197K, committed 82304K, reserved 1120256K
  class space    used 9974K, capacity 10845K, committed 10880K, reserved 1048576K
}
Event: 1229.425 GC heap before
{Heap before GC invocations=12 (full 0):
 garbage-first heap   total 312320K, used 208787K [0x0000000703000000, 0x0000000800000000)
  region size 1024K, 183 young (187392K), 13 survivors (13312K)
 Metaspace       used 80411K, capacity 82644K, committed 82816K, reserved 1122304K
  class space    used 9996K, capacity 10864K, committed 10880K, reserved 1048576K
}
Event: 1229.449 GC heap after
{Heap after GC invocations=13 (full 0):
 garbage-first heap   total 312320K, used 35817K [0x0000000703000000, 0x0000000800000000)
  region size 1024K, 8 young (8192K), 8 survivors (8192K)
 Metaspace       used 80411K, capacity 82644K, committed 82816K, reserved 1122304K
  class space    used 9996K, capacity 10864K, committed 10880K, reserved 1048576K
}
Event: 2194.473 GC heap before
{Heap before GC invocations=13 (full 0):
 garbage-first heap   total 312320K, used 215017K [0x0000000703000000, 0x0000000800000000)
  region size 1024K, 183 young (187392K), 8 survivors (8192K)
 Metaspace       used 80483K, capacity 82781K, committed 82816K, reserved 1122304K
  class space    used 9997K, capacity 10866K, committed 10880K, reserved 1048576K
}
Event: 2194.487 GC heap after
{Heap after GC invocations=14 (full 0):
 garbage-first heap   total 312320K, used 36245K [0x0000000703000000, 0x0000000800000000)
  region size 1024K, 9 young (9216K), 9 survivors (9216K)
 Metaspace       used 80483K, capacity 82781K, committed 82816K, reserved 1122304K
  class space    used 9997K, capacity 10866K, committed 10880K, reserved 1048576K
}
Event: 3005.060 GC heap before
{Heap before GC invocations=14 (full 0):
 garbage-first heap   total 312320K, used 262549K [0x0000000703000000, 0x0000000800000000)
  region size 1024K, 183 young (187392K), 9 survivors (9216K)
 Metaspace       used 81105K, capacity 83362K, committed 83584K, reserved 1122304K
  class space    used 10006K, capacity 10880K, committed 10880K, reserved 1048576K
}
Event: 3005.071 GC heap after
{Heap after GC invocations=15 (full 0):
 garbage-first heap   total 312320K, used 36410K [0x0000000703000000, 0x0000000800000000)
  region size 1024K, 9 young (9216K), 9 survivors (9216K)
 Metaspace       used 81105K, capacity 83362K, committed 83584K, reserved 1122304K
  class space    used 10006K, capacity 10880K, committed 10880K, reserved 1048576K
}
Event: 3729.075 GC heap before
{Heap before GC invocations=15 (full 0):
 garbage-first heap   total 316416K, used 313914K [0x0000000703000000, 0x0000000800000000)
  region size 1024K, 183 young (187392K), 9 survivors (9216K)
 Metaspace       used 81705K, capacity 83943K, committed 84224K, reserved 1122304K
  class space    used 10031K, capacity 10919K, committed 11008K, reserved 1048576K
}
Event: 3729.086 GC heap after
{Heap after GC invocations=16 (full 0):
 garbage-first heap   total 327680K, used 45812K [0x0000000703000000, 0x0000000800000000)
  region size 1024K, 12 young (12288K), 12 survivors (12288K)
 Metaspace       used 81705K, capacity 83943K, committed 84224K, reserved 1122304K
  class space    used 10031K, capacity 10919K, committed 11008K, reserved 1048576K
}

