# JRE version: Java(TM) SE Runtime Environment 18.9 (11.0.13+10) (build 11.0.13+10-LTS-370)
# Java VM: Java HotSpot(TM) 64-Bit Server VM 18.9 (11.0.13+10-LTS-370, mixed mode, tiered, compressed oops, g1 gc, windows-amd64)
Heap:
 garbage-first heap   total 312320K, used 178499K [0x0000000703000000, 0x0000000800000000)
  region size 1024K, 150 young (153600K), 10 survivors (10240K)
 Metaspace       used 84194K, capacity 86431K, committed 86528K, reserved 1124352K
  class space    used 10059K, capacity 10941K, committed 11008K, reserved 1048576K
GC Heap History (10 events):
Event: 4544.351 GC heap before
{Heap before GC invocations=16 (full 0):
 garbage-first heap   total 312320K, used 214129K [0x0000000703000000, 0x0000000800000000)
  region size 1024K, 183 young (187392K), 10 survivors (10240K)
 Metaspace       used 82670K, capacity 84974K, committed 85248K, reserved 1124352K
  class space    used 10041K, capacity 10938K, committed 11008K, reserved 1048576K
}
Event: 4544.364 GC heap after
{Heap after GC invocations=17 (full 0):
 garbage-first heap   total 312320K, used 37899K [0x0000000703000000, 0x0000000800000000)
  region size 1024K, 10 young (10240K), 10 survivors (10240K)
 Metaspace       used 82670K, capacity 84974K, committed 85248K, reserved 1124352K
  class space    used 10041K, capacity 10938K, committed 11008K, reserved 1048576K
}
Event: 5449.825 GC heap before
{Heap before GC invocations=17 (full 0):
 garbage-first heap   total 312320K, used 214027K [0x0000000703000000, 0x0000000800000000)
  region size 1024K, 183 young (187392K), 10 survivors (10240K)
 Metaspace       used 82774K, capacity 85103K, committed 85248K, reserved 1124352K
  class space    used 10041K, capacity 10938K, committed 11008K, reserved 1048576K
}
Event: 5449.835 GC heap after
{Heap after GC invocations=18 (full 0):
 garbage-first heap   total 312320K, used 37648K [0x0000000703000000, 0x0000000800000000)
  region size 1024K, 10 young (10240K), 10 survivors (10240K)
 Metaspace       used 82774K, capacity 85103K, committed 85248K, reserved 1124352K
  class space    used 10041K, capacity 10938K, committed 11008K, reserved 1048576K
}
Event: 6363.301 GC heap before
{Heap before GC invocations=18 (full 0):
 garbage-first heap   total 312320K, used 214800K [0x0000000703000000, 0x0000000800000000)
  region size 1024K, 183 young (187392K), 10 survivors (10240K)
 Metaspace       used 83166K, capacity 85436K, committed 85760K, reserved 1124352K
  class space    used 10042K, capacity 10938K, committed 11008K, reserved 1048576K
}
Event: 6363.310 GC heap after
{Heap after GC invocations=19 (full 0):
 garbage-first heap   total 312320K, used 36977K [0x0000000703000000, 0x0000000800000000)
  region size 1024K, 9 young (9216K), 9 survivors (9216K)
 Metaspace       used 83166K, capacity 85436K, committed 85760K, reserved 1124352K
  class space    used 10042K, capacity 10938K, committed 11008K, reserved 1048576K
}
Event: 6486.358 GC heap before
{Heap before GC invocations=19 (full 0):
 garbage-first heap   total 312320K, used 214129K [0x0000000703000000, 0x0000000800000000)
  region size 1024K, 183 young (187392K), 9 survivors (9216K)
 Metaspace       used 84099K, capacity 86422K, committed 86528K, reserved 1124352K
  class space    used 10044K, capacity 10938K, committed 11008K, reserved 1048576K
}
Event: 6486.367 GC heap after
{Heap after GC invocations=20 (full 0):
 garbage-first heap   total 312320K, used 36977K [0x0000000703000000, 0x0000000800000000)
  region size 1024K, 9 young (9216K), 9 survivors (9216K)
 Metaspace       used 84099K, capacity 86422K, committed 86528K, reserved 1124352K
  class space    used 10044K, capacity 10938K, committed 11008K, reserved 1048576K
}
Event: 6496.917 GC heap before
{Heap before GC invocations=20 (full 0):
 garbage-first heap   total 312320K, used 214129K [0x0000000703000000, 0x0000000800000000)
  region size 1024K, 183 young (187392K), 9 survivors (9216K)
 Metaspace       used 84110K, capacity 86422K, committed 86528K, reserved 1124352K
  class space    used 10046K, capacity 10938K, committed 11008K, reserved 1048576K
}
Event: 6496.925 GC heap after
{Heap after GC invocations=21 (full 0):
 garbage-first heap   total 312320K, used 37187K [0x0000000703000000, 0x0000000800000000)
  region size 1024K, 10 young (10240K), 10 survivors (10240K)
 Metaspace       used 84110K, capacity 86422K, committed 86528K, reserved 1124352K
  class space    used 10046K, capacity 10938K, committed 11008K, reserved 1048576K
}

