# JRE version: Java(TM) SE Runtime Environment 18.9 (11.0.13+10) (build 11.0.13+10-LTS-370)
# Java VM: Java HotSpot(TM) 64-Bit Server VM 18.9 (11.0.13+10-LTS-370, mixed mode, tiered, compressed oops, g1 gc, windows-amd64)
Heap:
 garbage-first heap   total 336896K, used 53807K [0x0000000703000000, 0x0000000800000000)
  region size 1024K, 25 young (25600K), 14 survivors (14336K)
 Metaspace       used 80472K, capacity 82745K, committed 82816K, reserved 1122304K
  class space    used 9956K, capacity 10846K, committed 10880K, reserved 1048576K
GC Heap History (10 events):
Event: 5.433 GC heap before
{Heap before GC invocations=6 (full 0):
 garbage-first heap   total 260096K, used 153952K [0x0000000703000000, 0x0000000800000000)
  region size 1024K, 148 young (151552K), 11 survivors (11264K)
 Metaspace       used 40917K, capacity 42076K, committed 42240K, reserved 1085440K
  class space    used 4864K, capacity 5327K, committed 5376K, reserved 1048576K
}
Event: 5.446 GC heap after
{Heap after GC invocations=7 (full 0):
 garbage-first heap   total 260096K, used 18135K [0x0000000703000000, 0x0000000800000000)
  region size 1024K, 12 young (12288K), 12 survivors (12288K)
 Metaspace       used 40917K, capacity 42076K, committed 42240K, reserved 1085440K
  class space    used 4864K, capacity 5327K, committed 5376K, reserved 1048576K
}
Event: 7.963 GC heap before
{Heap before GC invocations=7 (full 0):
 garbage-first heap   total 260096K, used 155351K [0x0000000703000000, 0x0000000800000000)
  region size 1024K, 147 young (150528K), 12 survivors (12288K)
 Metaspace       used 58683K, capacity 60049K, committed 60160K, reserved 1101824K
  class space    used 7381K, capacity 7973K, committed 8064K, reserved 1048576K
}
Event: 7.984 GC heap after
{Heap after GC invocations=8 (full 0):
 garbage-first heap   total 312320K, used 24172K [0x0000000703000000, 0x0000000800000000)
  region size 1024K, 15 young (15360K), 15 survivors (15360K)
 Metaspace       used 58683K, capacity 60049K, committed 60160K, reserved 1101824K
  class space    used 7381K, capacity 7973K, committed 8064K, reserved 1048576K
}
Event: 10.013 GC heap before
{Heap before GC invocations=9 (full 0):
 garbage-first heap   total 312320K, used 196204K [0x0000000703000000, 0x0000000800000000)
  region size 1024K, 183 young (187392K), 15 survivors (15360K)
 Metaspace       used 66713K, capacity 68411K, committed 68480K, reserved 1107968K
  class space    used 8402K, capacity 9054K, committed 9088K, reserved 1048576K
}
Event: 10.030 GC heap after
{Heap after GC invocations=10 (full 0):
 garbage-first heap   total 312320K, used 28784K [0x0000000703000000, 0x0000000800000000)
  region size 1024K, 15 young (15360K), 15 survivors (15360K)
 Metaspace       used 66713K, capacity 68411K, committed 68480K, reserved 1107968K
  class space    used 8402K, capacity 9054K, committed 9088K, reserved 1048576K
}
Event: 11.437 GC heap before
{Heap before GC invocations=10 (full 0):
 garbage-first heap   total 312320K, used 203888K [0x0000000703000000, 0x0000000800000000)
  region size 1024K, 183 young (187392K), 15 survivors (15360K)
 Metaspace       used 71071K, capacity 73000K, committed 73216K, reserved 1112064K
  class space    used 8915K, capacity 9657K, committed 9728K, reserved 1048576K
}
Event: 11.458 GC heap after
{Heap after GC invocations=11 (full 0):
 garbage-first heap   total 312320K, used 35465K [0x0000000703000000, 0x0000000800000000)
  region size 1024K, 18 young (18432K), 18 survivors (18432K)
 Metaspace       used 71071K, capacity 73000K, committed 73216K, reserved 1112064K
  class space    used 8915K, capacity 9657K, committed 9728K, reserved 1048576K
}
Event: 101.070 GC heap before
{Heap before GC invocations=11 (full 0):
 garbage-first heap   total 316416K, used 315017K [0x0000000703000000, 0x0000000800000000)
  region size 1024K, 176 young (180224K), 18 survivors (18432K)
 Metaspace       used 80147K, capacity 82377K, committed 82560K, reserved 1120256K
  class space    used 9918K, capacity 10809K, committed 10880K, reserved 1048576K
}
Event: 101.097 GC heap after
{Heap after GC invocations=12 (full 0):
 garbage-first heap   total 336896K, used 36399K [0x0000000703000000, 0x0000000800000000)
  region size 1024K, 14 young (14336K), 14 survivors (14336K)
 Metaspace       used 80147K, capacity 82377K, committed 82560K, reserved 1120256K
  class space    used 9918K, capacity 10809K, committed 10880K, reserved 1048576K
}

